# JRE version: Java(TM) SE Runtime Environment (8.0_191-b12) (build 1.8.0_191-b12)
# Java VM: Java HotSpot(TM) 64-Bit Server VM (25.191-b12 mixed mode linux-amd64 compressed oops)
Heap:
 PSYoungGen      total 36352K, used 9167K [0x00000000d5580000, 0x00000000d7e00000, 0x0000000100000000)
  eden space 31232K, 13% used [0x00000000d5580000,0x00000000d59789f8,0x00000000d7400000)
  from space 5120K, 99% used [0x00000000d7400000,0x00000000d78fb288,0x00000000d7900000)
  to   space 5120K, 0% used [0x00000000d7900000,0x00000000d7900000,0x00000000d7e00000)
 ParOldGen       total 83456K, used 5484K [0x0000000080000000, 0x0000000085180000, 0x00000000d5580000)
  object space 83456K, 6% used [0x0000000080000000,0x000000008055b220,0x0000000085180000)
 Metaspace       used 19114K, capacity 19384K, committed 19584K, reserved 1067008K
  class space    used 2077K, capacity 2145K, committed 2176K, reserved 1048576K
GC Heap History (6 events):
Event: 0.821 GC heap before
{Heap before GC invocations=1 (full 0):
 PSYoungGen      total 36352K, used 31232K [0x00000000d5580000, 0x00000000d7e00000, 0x0000000100000000)
  eden space 31232K, 100% used [0x00000000d5580000,0x00000000d7400000,0x00000000d7400000)
  from space 5120K, 0% used [0x00000000d7900000,0x00000000d7900000,0x00000000d7e00000)
  to   space 5120K, 0% used [0x00000000d7400000,0x00000000d7400000,0x00000000d7900000)
 ParOldGen       total 83456K, used 0K [0x0000000080000000, 0x0000000085180000, 0x00000000d5580000)
  object space 83456K, 0% used [0x0000000080000000,0x0000000080000000,0x0000000085180000)
 Metaspace       used 7523K, capacity 7698K, committed 7808K, reserved 1056768K
  class space    used 790K, capacity 866K, committed 896K, reserved 1048576K
Event: 0.825 GC heap after
Heap after GC invocations=1 (full 0):
 PSYoungGen      total 36352K, used 5111K [0x00000000d5580000, 0x00000000d7e00000, 0x0000000100000000)
  eden space 31232K, 0% used [0x00000000d5580000,0x00000000d5580000,0x00000000d7400000)
  from space 5120K, 99% used [0x00000000d7400000,0x00000000d78fdce8,0x00000000d7900000)
  to   space 5120K, 0% used [0x00000000d7900000,0x00000000d7900000,0x00000000d7e00000)
 ParOldGen       total 83456K, used 1315K [0x0000000080000000, 0x0000000085180000, 0x00000000d5580000)
  object space 83456K, 1% used [0x0000000080000000,0x0000000080148d40,0x0000000085180000)
 Metaspace       used 7523K, capacity 7698K, committed 7808K, reserved 1056768K
  class space    used 790K, capacity 866K, committed 896K, reserved 1048576K
}
Event: 1.337 GC heap before
{Heap before GC invocations=2 (full 0):
 PSYoungGen      total 36352K, used 36343K [0x00000000d5580000, 0x00000000d7e00000, 0x0000000100000000)
  eden space 31232K, 100% used [0x00000000d5580000,0x00000000d7400000,0x00000000d7400000)
  from space 5120K, 99% used [0x00000000d7400000,0x00000000d78fdce8,0x00000000d7900000)
  to   space 5120K, 0% used [0x00000000d7900000,0x00000000d7900000,0x00000000d7e00000)
 ParOldGen       total 83456K, used 1315K [0x0000000080000000, 0x0000000085180000, 0x00000000d5580000)
  object space 83456K, 1% used [0x0000000080000000,0x0000000080148d40,0x0000000085180000)
 Metaspace       used 13544K, capacity 13808K, committed 13952K, reserved 1060864K
  class space    used 1427K, capacity 1555K, committed 1664K, reserved 1048576K
Event: 1.343 GC heap after
Heap after GC invocations=2 (full 0):
 PSYoungGen      total 36352K, used 5109K [0x00000000d5580000, 0x00000000d7e00000, 0x0000000100000000)
  eden space 31232K, 0% used [0x00000000d5580000,0x00000000d5580000,0x00000000d7400000)
  from space 5120K, 99% used [0x00000000d7900000,0x00000000d7dfd6d8,0x00000000d7e00000)
  to   space 5120K, 0% used [0x00000000d7400000,0x00000000d7400000,0x00000000d7900000)
 ParOldGen       total 83456K, used 1760K [0x0000000080000000, 0x0000000085180000, 0x00000000d5580000)
  object space 83456K, 2% used [0x0000000080000000,0x00000000801b82b0,0x0000000085180000)
 Metaspace       used 13544K, capacity 13808K, committed 13952K, reserved 1060864K
  class space    used 1427K, capacity 1555K, committed 1664K, reserved 1048576K
}
Event: 4.580 GC heap before
{Heap before GC invocations=3 (full 0):
 PSYoungGen      total 36352K, used 36341K [0x00000000d5580000, 0x00000000d7e00000, 0x0000000100000000)
  eden space 31232K, 100% used [0x00000000d5580000,0x00000000d7400000,0x00000000d7400000)
  from space 5120K, 99% used [0x00000000d7900000,0x00000000d7dfd6d8,0x00000000d7e00000)
  to   space 5120K, 0% used [0x00000000d7400000,0x00000000d7400000,0x00000000d7900000)
 ParOldGen       total 83456K, used 1760K [0x0000000080000000, 0x0000000085180000, 0x00000000d5580000)
  object space 83456K, 2% used [0x0000000080000000,0x00000000801b82b0,0x0000000085180000)
 Metaspace       used 18951K, capacity 19256K, committed 19584K, reserved 1067008K
  class space    used 2066K, capacity 2145K, committed 2176K, reserved 1048576K
Event: 4.586 GC heap after
Heap after GC invocations=3 (full 0):
 PSYoungGen      total 36352K, used 5100K [0x00000000d5580000, 0x00000000d7e00000, 0x0000000100000000)
  eden space 31232K, 0% used [0x00000000d5580000,0x00000000d5580000,0x00000000d7400000)
  from space 5120K, 99% used [0x00000000d7400000,0x00000000d78fb288,0x00000000d7900000)
  to   space 5120K, 0% used [0x00000000d7900000,0x00000000d7900000,0x00000000d7e00000)
 ParOldGen       total 83456K, used 5484K [0x0000000080000000, 0x0000000085180000, 0x00000000d5580000)
  object space 83456K, 6% used [0x0000000080000000,0x000000008055b220,0x0000000085180000)
 Metaspace       used 18951K, capacity 19256K, committed 19584K, reserved 1067008K
  class space    used 2066K, capacity 2145K, committed 2176K, reserved 1048576K
}

